b:\masters_thesis\raycast_solution\gpuraycast\debug\vc140.pdb
b:\masters_thesis\raycast_solution\gpuraycast\debug\vc140.idb
b:\masters_thesis\raycast_solution\gpuraycast\debug\eulercamera.obj
b:\masters_thesis\raycast_solution\gpuraycast\debug\main.obj
b:\masters_thesis\raycast_solution\gpuraycast\debug\volumedataset.obj
b:\masters_thesis\raycast_solution\gpuraycast\debug\voxelreader.obj
b:\masters_thesis\raycast_solution\gpuraycast\debug\texture3d.obj
b:\masters_thesis\raycast_solution\gpuraycast\debug\tinyxml2.obj
b:\masters_thesis\raycast_solution\gpuraycast\debug\transferfunction.obj
b:\masters_thesis\raycast_solution\gpuraycast\debug\camera.obj
b:\masters_thesis\raycast_solution\debug\gpuraycast.ilk
b:\masters_thesis\raycast_solution\debug\gpuraycast.exe
b:\masters_thesis\raycast_solution\debug\gpuraycast.pdb
b:\masters_thesis\raycast_solution\gpuraycast\debug\camera.obj.enc
b:\masters_thesis\raycast_solution\gpuraycast\debug\eulercamera.obj.enc
b:\masters_thesis\raycast_solution\gpuraycast\debug\main.obj.enc
b:\masters_thesis\raycast_solution\gpuraycast\debug\gpuraycast.tlog\cl.command.1.tlog
b:\masters_thesis\raycast_solution\gpuraycast\debug\gpuraycast.tlog\cl.read.1.tlog
b:\masters_thesis\raycast_solution\gpuraycast\debug\gpuraycast.tlog\cl.write.1.tlog
b:\masters_thesis\raycast_solution\gpuraycast\debug\gpuraycast.tlog\link.command.1.tlog
b:\masters_thesis\raycast_solution\gpuraycast\debug\gpuraycast.tlog\link.read.1.tlog
b:\masters_thesis\raycast_solution\gpuraycast\debug\gpuraycast.tlog\link.write.1.tlog
